TN:
SF:/Users/aaronmullan/alchemy/record-collection/record-database/lib/models/Label.js
FN:24,(anonymous_0)
FNF:1
FNH:1
FNDA:1,(anonymous_0)
DA:1,6
DA:3,6
DA:10,6
DA:18,6
DA:24,6
DA:25,1
DA:28,6
LF:7
LH:7
BRF:0
BRH:0
end_of_record
TN:
SF:/Users/aaronmullan/alchemy/record-collection/record-database/lib/models/Record.js
FNF:0
FNH:0
DA:1,5
DA:3,5
DA:11,5
DA:28,5
LF:4
LH:4
BRF:0
BRH:0
end_of_record
TN:
SF:/Users/aaronmullan/alchemy/record-collection/record-database/lib/routes/labels.js
FN:5,(anonymous_0)
FN:8,(anonymous_1)
FN:11,(anonymous_2)
FN:18,(anonymous_3)
FN:23,(anonymous_4)
FN:27,(anonymous_5)
FN:30,(anonymous_6)
FN:33,(anonymous_7)
FN:36,(anonymous_8)
FN:39,(anonymous_9)
FN:42,(anonymous_10)
FN:45,(anonymous_11)
FNF:12
FNH:8
FNDA:1,(anonymous_0)
FNDA:1,(anonymous_1)
FNDA:1,(anonymous_2)
FNDA:1,(anonymous_3)
FNDA:1,(anonymous_4)
FNDA:1,(anonymous_5)
FNDA:1,(anonymous_6)
FNDA:1,(anonymous_7)
FNDA:0,(anonymous_8)
FNDA:0,(anonymous_9)
FNDA:0,(anonymous_10)
FNDA:0,(anonymous_11)
DA:1,4
DA:2,4
DA:4,4
DA:6,1
DA:8,1
DA:12,1
DA:13,1
DA:19,1
DA:24,1
DA:27,1
DA:31,1
DA:33,1
DA:37,0
DA:39,0
DA:43,0
DA:45,0
LF:16
LH:12
BRDA:12,0,0,1
BRDA:12,1,0,1
BRF:2
BRH:2
end_of_record
