TN:
SF:/Users/aaronmullan/alchemy/record-collection/record-database/lib/app.js
FNF:0
FNH:0
DA:1,3
DA:2,3
DA:3,3
DA:5,3
DA:6,3
DA:8,3
DA:9,3
DA:10,3
DA:12,3
DA:13,3
DA:15,3
LF:11
LH:11
BRF:0
BRH:0
end_of_record
TN:
SF:/Users/aaronmullan/alchemy/record-collection/record-database/lib/models/Label.js
FNF:0
FNH:0
DA:1,3
DA:3,3
DA:10,3
DA:18,3
LF:4
LH:4
BRF:0
BRH:0
end_of_record
TN:
SF:/Users/aaronmullan/alchemy/record-collection/record-database/lib/routes/labels.js
FN:5,(anonymous_0)
FN:8,(anonymous_1)
FN:11,(anonymous_2)
FN:14,(anonymous_3)
FN:17,(anonymous_4)
FN:23,(anonymous_5)
FN:28,(anonymous_6)
FN:31,(anonymous_7)
FN:34,(anonymous_8)
FN:37,(anonymous_9)
FNF:10
FNH:2
FNDA:1,(anonymous_0)
FNDA:1,(anonymous_1)
FNDA:0,(anonymous_2)
FNDA:0,(anonymous_3)
FNDA:0,(anonymous_4)
FNDA:0,(anonymous_5)
FNDA:0,(anonymous_6)
FNDA:0,(anonymous_7)
FNDA:0,(anonymous_8)
FNDA:0,(anonymous_9)
DA:1,3
DA:2,3
DA:4,3
DA:6,1
DA:8,1
DA:12,0
DA:14,0
DA:18,0
DA:19,0
DA:24,0
DA:29,0
DA:31,0
DA:35,0
DA:37,0
LF:14
LH:5
BRDA:18,0,0,0
BRDA:18,1,0,0
BRF:2
BRH:0
end_of_record
